app/build/intermediates/manifest_merge_blame_file/debug/manifest-merger-blame-debug-report.txt
1<?xml version="1.0" encoding="utf-8"?>
2<manifest xmlns:android="http://schemas.android.com/apk/res/android"
3    package="com.app.swagliv"
4    android:versionCode="1"
5    android:versionName="1.0" >
6
7    <uses-sdk
8        android:minSdkVersion="23"
8-->src/main/AndroidManifest.xml
9        android:targetSdkVersion="30" />
9-->src/main/AndroidManifest.xml
10
11    <uses-permission android:name="android.permission.INTERNET" />
11-->src/main/AndroidManifest.xml:6:5-67
11-->src/main/AndroidManifest.xml:6:22-64
12    <uses-permission android:name="android.permission.ACCESS_FINE_LOCATION" />
12-->src/main/AndroidManifest.xml:7:5-79
12-->src/main/AndroidManifest.xml:7:22-76
13    <uses-permission android:name="android.permission.ACCESS_COARSE_LOCATION" />
13-->src/main/AndroidManifest.xml:8:5-81
13-->src/main/AndroidManifest.xml:8:22-78
14    <uses-permission android:name="android.permission.ACCESS_NETWORK_STATE" />
14-->src/main/AndroidManifest.xml:9:5-79
14-->src/main/AndroidManifest.xml:9:22-76
15    <uses-permission android:name="android.permission.FOREGROUND_SERVICE" />
15-->src/main/AndroidManifest.xml:10:5-77
15-->src/main/AndroidManifest.xml:10:22-74
16    <uses-permission android:name="android.permission.READ_EXTERNAL_STORAGE" />
16-->src/main/AndroidManifest.xml:11:5-80
16-->src/main/AndroidManifest.xml:11:22-77
17    <uses-permission android:name="android.permission.WRITE_EXTERNAL_STORAGE" />
17-->src/main/AndroidManifest.xml:12:5-81
17-->src/main/AndroidManifest.xml:12:22-78
18    <uses-permission android:name="android.permission.CAMERA" />
18-->src/main/AndroidManifest.xml:13:5-65
18-->src/main/AndroidManifest.xml:13:22-62
19    <uses-permission android:name="android.permission.RECORD_AUDIO" />
19-->src/main/AndroidManifest.xml:14:5-71
19-->src/main/AndroidManifest.xml:14:22-68
20    <uses-permission android:name="android.permission.WAKE_LOCK" />
20-->src/main/AndroidManifest.xml:15:5-68
20-->src/main/AndroidManifest.xml:15:22-65
21    <uses-permission android:name="android.permission.MODIFY_AUDIO_SETTINGS" />
21-->src/main/AndroidManifest.xml:16:5-80
21-->src/main/AndroidManifest.xml:16:22-77
22
23    <uses-feature
23-->src/main/AndroidManifest.xml:18:5-20:35
24        android:name="android.hardware.camera.any"
24-->src/main/AndroidManifest.xml:19:9-51
25        android:required="true" />
25-->src/main/AndroidManifest.xml:20:9-32
26    <uses-feature
26-->src/main/AndroidManifest.xml:21:5-23:36
27        android:name="android.hardware.camera"
27-->src/main/AndroidManifest.xml:22:9-47
28        android:required="false" />
28-->src/main/AndroidManifest.xml:23:9-33
29    <uses-feature
29-->src/main/AndroidManifest.xml:24:5-26:36
30        android:name="android.hardware.camera.autofocus"
30-->src/main/AndroidManifest.xml:25:9-57
31        android:required="false" />
31-->src/main/AndroidManifest.xml:26:9-33
32    <uses-feature
32-->src/main/AndroidManifest.xml:27:5-29:36
33        android:name="android.hardware.camera.flash"
33-->src/main/AndroidManifest.xml:28:9-53
34        android:required="false" />
34-->src/main/AndroidManifest.xml:29:9-33
35    <uses-feature
35-->src/main/AndroidManifest.xml:30:5-32:36
36        android:name="android.hardware.camera.front"
36-->src/main/AndroidManifest.xml:31:9-53
37        android:required="false" />
37-->src/main/AndroidManifest.xml:32:9-33
38
39    <uses-permission android:name="android.permission.MOUNT_UNMOUNT_FILESYSTEMS" />
39-->[:lib-player-helper] AndroidManifest.xml:33:5-84
39-->[:lib-player-helper] AndroidManifest.xml:33:22-81
40    <uses-permission android:name="android.permission.ACCESS_WIFI_STATE" />
40-->[:lib-player-helper] AndroidManifest.xml:40:5-76
40-->[:lib-player-helper] AndroidManifest.xml:40:22-73
41    <uses-permission
41-->[:lib-player-helper] AndroidManifest.xml:41:5-68
42        android:name="android.permission.BLUETOOTH"
42-->[:lib-player-helper] AndroidManifest.xml:41:22-65
43        android:maxSdkVersion="30" />
43-->[com.twilio:audioswitch:1.1.4] AndroidManifest.xml:11:9-35
44    <uses-permission android:name="android.permission.READ_LOGS" />
44-->[:lib-player-helper] AndroidManifest.xml:42:5-68
44-->[:lib-player-helper] AndroidManifest.xml:42:22-65
45    <uses-permission android:name="android.permission.READ_PHONE_STATE" />
45-->[:lib-player-helper] AndroidManifest.xml:43:5-75
45-->[:lib-player-helper] AndroidManifest.xml:43:22-72
46
47    <uses-feature
47-->[:lib-player-helper] AndroidManifest.xml:45:5-47:35
48        android:glEsVersion="0x00020000"
48-->[:lib-player-helper] AndroidManifest.xml:46:9-41
49        android:required="true" />
49-->[:lib-player-helper] AndroidManifest.xml:47:9-32
50
51    <permission
51-->[com.yanzhenjie:permission:2.0.2] AndroidManifest.xml:24:5-27:47
52        android:name="com.app.swagliv.andpermission.bridge"
52-->[com.yanzhenjie:permission:2.0.2] AndroidManifest.xml:25:9-61
53        android:permissionGroup="com.app.swagliv.andpermission"
53-->[com.yanzhenjie:permission:2.0.2] AndroidManifest.xml:26:9-65
54        android:protectionLevel="signature" />
54-->[com.yanzhenjie:permission:2.0.2] AndroidManifest.xml:27:9-44
55
56    <uses-permission android:name="com.app.swagliv.andpermission.bridge" /> <!-- Create a unique permission for your app and use it so only your app can receive your OneSignal messages. -->
56-->[com.yanzhenjie:permission:2.0.2] AndroidManifest.xml:29:5-77
56-->[com.yanzhenjie:permission:2.0.2] AndroidManifest.xml:29:22-74
57    <permission
57-->[com.onesignal:OneSignal:4.7.0] AndroidManifest.xml:7:5-9:47
58        android:name="com.app.swagliv.permission.C2D_MESSAGE"
58-->[com.onesignal:OneSignal:4.7.0] AndroidManifest.xml:8:9-63
59        android:protectionLevel="signature" />
59-->[com.onesignal:OneSignal:4.7.0] AndroidManifest.xml:9:9-44
60
61    <uses-permission android:name="com.app.swagliv.permission.C2D_MESSAGE" /> <!-- c2dm RECEIVE are basic requirements for push messages through Google's FCM -->
61-->[com.onesignal:OneSignal:4.7.0] AndroidManifest.xml:11:5-79
61-->[com.onesignal:OneSignal:4.7.0] AndroidManifest.xml:11:22-76
62    <uses-permission android:name="com.google.android.c2dm.permission.RECEIVE" />
62-->[com.onesignal:OneSignal:4.7.0] AndroidManifest.xml:17:5-82
62-->[com.onesignal:OneSignal:4.7.0] AndroidManifest.xml:17:22-79
63    <!--
64 Required so the device vibrates on receiving a push notification.
65         Vibration settings of the device still apply.
66    -->
67    <uses-permission android:name="android.permission.VIBRATE" />
67-->[com.onesignal:OneSignal:4.7.0] AndroidManifest.xml:23:5-66
67-->[com.onesignal:OneSignal:4.7.0] AndroidManifest.xml:23:22-63
68    <!--
69 Use to restore notifications the user hasn't interacted with.
70         They could be missed notifications if the user reboots their device if this isn't in place.
71    -->
72    <uses-permission android:name="android.permission.RECEIVE_BOOT_COMPLETED" /> <!-- START: ShortcutBadger -->
72-->[com.onesignal:OneSignal:4.7.0] AndroidManifest.xml:29:5-81
72-->[com.onesignal:OneSignal:4.7.0] AndroidManifest.xml:29:22-78
73    <!-- Samsung -->
74    <uses-permission android:name="com.sec.android.provider.badge.permission.READ" />
74-->[com.onesignal:OneSignal:4.7.0] AndroidManifest.xml:31:5-86
74-->[com.onesignal:OneSignal:4.7.0] AndroidManifest.xml:31:22-83
75    <uses-permission android:name="com.sec.android.provider.badge.permission.WRITE" /> <!-- HTC -->
75-->[com.onesignal:OneSignal:4.7.0] AndroidManifest.xml:32:5-87
75-->[com.onesignal:OneSignal:4.7.0] AndroidManifest.xml:32:22-84
76    <uses-permission android:name="com.htc.launcher.permission.READ_SETTINGS" />
76-->[com.onesignal:OneSignal:4.7.0] AndroidManifest.xml:33:5-81
76-->[com.onesignal:OneSignal:4.7.0] AndroidManifest.xml:33:22-78
77    <uses-permission android:name="com.htc.launcher.permission.UPDATE_SHORTCUT" /> <!-- Sony -->
77-->[com.onesignal:OneSignal:4.7.0] AndroidManifest.xml:34:5-83
77-->[com.onesignal:OneSignal:4.7.0] AndroidManifest.xml:34:22-80
78    <uses-permission android:name="com.sonyericsson.home.permission.BROADCAST_BADGE" />
78-->[com.onesignal:OneSignal:4.7.0] AndroidManifest.xml:35:5-88
78-->[com.onesignal:OneSignal:4.7.0] AndroidManifest.xml:35:22-85
79    <uses-permission android:name="com.sonymobile.home.permission.PROVIDER_INSERT_BADGE" /> <!-- Apex -->
79-->[com.onesignal:OneSignal:4.7.0] AndroidManifest.xml:36:5-92
79-->[com.onesignal:OneSignal:4.7.0] AndroidManifest.xml:36:22-89
80    <uses-permission android:name="com.anddoes.launcher.permission.UPDATE_COUNT" /> <!-- Solid -->
80-->[com.onesignal:OneSignal:4.7.0] AndroidManifest.xml:37:5-84
80-->[com.onesignal:OneSignal:4.7.0] AndroidManifest.xml:37:22-81
81    <uses-permission android:name="com.majeur.launcher.permission.UPDATE_BADGE" /> <!-- Huawei -->
81-->[com.onesignal:OneSignal:4.7.0] AndroidManifest.xml:38:5-83
81-->[com.onesignal:OneSignal:4.7.0] AndroidManifest.xml:38:22-80
82    <uses-permission android:name="com.huawei.android.launcher.permission.CHANGE_BADGE" />
82-->[com.onesignal:OneSignal:4.7.0] AndroidManifest.xml:39:5-91
82-->[com.onesignal:OneSignal:4.7.0] AndroidManifest.xml:39:22-88
83    <uses-permission android:name="com.huawei.android.launcher.permission.READ_SETTINGS" />
83-->[com.onesignal:OneSignal:4.7.0] AndroidManifest.xml:40:5-92
83-->[com.onesignal:OneSignal:4.7.0] AndroidManifest.xml:40:22-89
84    <uses-permission android:name="com.huawei.android.launcher.permission.WRITE_SETTINGS" /> <!-- ZUK -->
84-->[com.onesignal:OneSignal:4.7.0] AndroidManifest.xml:41:5-93
84-->[com.onesignal:OneSignal:4.7.0] AndroidManifest.xml:41:22-90
85    <uses-permission android:name="android.permission.READ_APP_BADGE" /> <!-- OPPO -->
85-->[com.onesignal:OneSignal:4.7.0] AndroidManifest.xml:42:5-73
85-->[com.onesignal:OneSignal:4.7.0] AndroidManifest.xml:42:22-70
86    <uses-permission android:name="com.oppo.launcher.permission.READ_SETTINGS" />
86-->[com.onesignal:OneSignal:4.7.0] AndroidManifest.xml:43:5-82
86-->[com.onesignal:OneSignal:4.7.0] AndroidManifest.xml:43:22-79
87    <uses-permission android:name="com.oppo.launcher.permission.WRITE_SETTINGS" /> <!-- EvMe -->
87-->[com.onesignal:OneSignal:4.7.0] AndroidManifest.xml:44:5-83
87-->[com.onesignal:OneSignal:4.7.0] AndroidManifest.xml:44:22-80
88    <uses-permission android:name="me.everything.badger.permission.BADGE_COUNT_READ" />
88-->[com.onesignal:OneSignal:4.7.0] AndroidManifest.xml:45:5-88
88-->[com.onesignal:OneSignal:4.7.0] AndroidManifest.xml:45:22-85
89    <uses-permission android:name="me.everything.badger.permission.BADGE_COUNT_WRITE" />
89-->[com.onesignal:OneSignal:4.7.0] AndroidManifest.xml:46:5-89
89-->[com.onesignal:OneSignal:4.7.0] AndroidManifest.xml:46:22-86
90
91    <queries>
91-->[com.razorpay:checkout:1.6.19] AndroidManifest.xml:11:5-37:15
92        <intent>
92-->[com.razorpay:checkout:1.6.19] AndroidManifest.xml:12:9-18:18
93            <action android:name="android.intent.action.VIEW" />
93-->src/main/AndroidManifest.xml:193:17-69
93-->src/main/AndroidManifest.xml:193:25-66
94
95            <data
95-->src/main/AndroidManifest.xml:198:17-75
96                android:mimeType="*/*"
97                android:scheme="*" />
97-->src/main/AndroidManifest.xml:198:23-72
98        </intent>
99        <intent>
99-->[com.razorpay:checkout:1.6.19] AndroidManifest.xml:19:9-28:18
100            <action android:name="android.intent.action.VIEW" />
100-->src/main/AndroidManifest.xml:193:17-69
100-->src/main/AndroidManifest.xml:193:25-66
101
102            <category android:name="android.intent.category.BROWSABLE" />
102-->src/main/AndroidManifest.xml:196:17-78
102-->src/main/AndroidManifest.xml:196:27-75
103
104            <data
104-->src/main/AndroidManifest.xml:198:17-75
105                android:host="pay"
106                android:mimeType="*/*"
107                android:scheme="upi" />
107-->src/main/AndroidManifest.xml:198:23-72
108        </intent>
109        <intent>
109-->[com.razorpay:checkout:1.6.19] AndroidManifest.xml:29:9-31:18
110            <action android:name="android.intent.action.MAIN" />
110-->src/main/AndroidManifest.xml:166:17-69
110-->src/main/AndroidManifest.xml:166:25-66
111        </intent>
112        <intent>
112-->[com.razorpay:checkout:1.6.19] AndroidManifest.xml:32:9-36:18
113            <action android:name="android.intent.action.SEND" />
113-->[com.razorpay:checkout:1.6.19] AndroidManifest.xml:33:13-65
113-->[com.razorpay:checkout:1.6.19] AndroidManifest.xml:33:21-62
114
115            <data android:mimeType="*/*" />
115-->src/main/AndroidManifest.xml:198:17-75
116        </intent>
117    </queries>
118
119    <uses-permission android:name="android.permission.BLUETOOTH_CONNECT" />
119-->[com.twilio:audioswitch:1.1.4] AndroidManifest.xml:12:5-76
119-->[com.twilio:audioswitch:1.1.4] AndroidManifest.xml:12:22-73
120    <uses-permission android:name="com.google.android.finsky.permission.BIND_GET_INSTALL_REFERRER_SERVICE" /> <!-- Include required permissions for Advertising Id -->
120-->[com.google.android.gms:play-services-measurement:20.1.0] AndroidManifest.xml:26:5-110
120-->[com.google.android.gms:play-services-measurement:20.1.0] AndroidManifest.xml:26:22-107
121    <uses-permission android:name="com.google.android.gms.permission.AD_ID" />
121-->[com.google.android.gms:play-services-ads-identifier:18.0.0] AndroidManifest.xml:23:5-79
121-->[com.google.android.gms:play-services-ads-identifier:18.0.0] AndroidManifest.xml:23:22-76
122
123    <application
123-->src/main/AndroidManifest.xml:34:5-301:19
124        android:name="com.app.swagliv.SwagLivApplication"
124-->src/main/AndroidManifest.xml:35:9-43
125        android:allowBackup="true"
125-->src/main/AndroidManifest.xml:36:9-35
126        android:appComponentFactory="androidx.core.app.CoreComponentFactory"
126-->[androidx.core:core:1.7.0] AndroidManifest.xml:24:18-86
127        android:debuggable="true"
128        android:extractNativeLibs="false"
129        android:icon="@drawable/date_flu_logo"
129-->src/main/AndroidManifest.xml:37:9-47
130        android:label="@string/app_name"
130-->src/main/AndroidManifest.xml:38:9-41
131        android:requestLegacyExternalStorage="true"
131-->src/main/AndroidManifest.xml:39:9-52
132        android:roundIcon="@drawable/date_flu_logo"
132-->src/main/AndroidManifest.xml:40:9-52
133        android:supportsRtl="true"
133-->src/main/AndroidManifest.xml:41:9-35
134        android:testOnly="true"
135        android:theme="@style/Theme.Swagliv.NoActionBar"
135-->src/main/AndroidManifest.xml:42:9-57
136        android:usesCleartextTraffic="true" >
136-->src/main/AndroidManifest.xml:43:9-44
137
138        <!-- name doesn't change, value = your class fully name spaced -->
139        <meta-data
139-->src/main/AndroidManifest.xml:46:9-47:93
140            android:name="com.onesignal.NotificationServiceExtension"
140-->src/main/AndroidManifest.xml:46:20-77
141            android:value="com.app.swagliv.model.livestream.NotificationServiceExtension" />
141-->src/main/AndroidManifest.xml:47:13-90
142
143        <activity
143-->src/main/AndroidManifest.xml:48:9-50:39
144            android:name="com.app.swagliv.view.activities.BroadcastPlayerActivity"
144-->src/main/AndroidManifest.xml:49:13-68
145            android:exported="true" />
145-->src/main/AndroidManifest.xml:50:13-36
146        <activity
146-->src/main/AndroidManifest.xml:51:9-53:38
147            android:name="com.app.swagliv.view.activities.SelectHostActivity"
147-->src/main/AndroidManifest.xml:52:13-63
148            android:exported="true" />
148-->src/main/AndroidManifest.xml:53:13-36
149        <activity
149-->src/main/AndroidManifest.xml:55:9-57:40
150            android:name="com.app.swagliv.view.activities.SearchGIFActivity"
150-->src/main/AndroidManifest.xml:56:13-62
151            android:exported="false" />
151-->src/main/AndroidManifest.xml:57:13-37
152        <activity
152-->src/main/AndroidManifest.xml:58:9-60:40
153            android:name="com.app.swagliv.view.activities.TrackComplaintActivity"
153-->src/main/AndroidManifest.xml:59:13-67
154            android:exported="false" />
154-->src/main/AndroidManifest.xml:60:13-37
155        <activity
155-->src/main/AndroidManifest.xml:61:9-63:40
156            android:name="com.app.swagliv.view.activities.ShopActivity"
156-->src/main/AndroidManifest.xml:62:13-57
157            android:exported="false" />
157-->src/main/AndroidManifest.xml:63:13-37
158        <activity
158-->src/main/AndroidManifest.xml:64:9-66:40
159            android:name="com.app.swagliv.view.activities.PortfolioActivity"
159-->src/main/AndroidManifest.xml:65:13-62
160            android:exported="false" />
160-->src/main/AndroidManifest.xml:66:13-37
161        <activity
161-->src/main/AndroidManifest.xml:67:9-69:40
162            android:name="com.app.swagliv.view.activities.ChangePasswordActivity"
162-->src/main/AndroidManifest.xml:68:13-67
163            android:exported="false" />
163-->src/main/AndroidManifest.xml:69:13-37
164        <activity
164-->src/main/AndroidManifest.xml:70:9-72:40
165            android:name="com.app.swagliv.view.activities.ResetPasswordActivity"
165-->src/main/AndroidManifest.xml:71:13-66
166            android:exported="false" />
166-->src/main/AndroidManifest.xml:72:13-37
167        <activity
167-->src/main/AndroidManifest.xml:73:9-75:40
168            android:name="com.app.swagliv.view.activities.ForgotPasswordActivity"
168-->src/main/AndroidManifest.xml:74:13-67
169            android:exported="false" />
169-->src/main/AndroidManifest.xml:75:13-37
170        <activity
170-->src/main/AndroidManifest.xml:76:9-81:20
171            android:name="com.app.swagliv.view.activities.ChatActivity"
171-->src/main/AndroidManifest.xml:77:13-57
172            android:exported="true"
172-->src/main/AndroidManifest.xml:78:13-36
173            android:screenOrientation="portrait"
173-->src/main/AndroidManifest.xml:80:13-49
174            android:windowSoftInputMode="adjustNothing" >
174-->src/main/AndroidManifest.xml:79:13-56
175        </activity>
176        <activity
176-->src/main/AndroidManifest.xml:82:9-85:52
177            android:name="com.app.swagliv.view.activities.SideBarActivity"
177-->src/main/AndroidManifest.xml:83:13-60
178            android:exported="false"
178-->src/main/AndroidManifest.xml:84:13-37
179            android:screenOrientation="portrait" />
179-->src/main/AndroidManifest.xml:85:13-49
180        <activity
180-->src/main/AndroidManifest.xml:86:9-89:52
181            android:name="com.app.swagliv.view.activities.PurchaseHistoryActivity"
181-->src/main/AndroidManifest.xml:87:13-68
182            android:exported="false"
182-->src/main/AndroidManifest.xml:88:13-37
183            android:screenOrientation="portrait" />
183-->src/main/AndroidManifest.xml:89:13-49
184        <activity
184-->src/main/AndroidManifest.xml:90:9-93:52
185            android:name="com.app.swagliv.view.activities.HelpAndFaqActivity"
185-->src/main/AndroidManifest.xml:91:13-63
186            android:exported="false"
186-->src/main/AndroidManifest.xml:92:13-37
187            android:screenOrientation="portrait" />
187-->src/main/AndroidManifest.xml:93:13-49
188        <activity
188-->src/main/AndroidManifest.xml:94:9-99:20
189            android:name="com.app.swagliv.view.activities.SearchCrushActivity"
189-->src/main/AndroidManifest.xml:95:13-64
190            android:exported="true"
190-->src/main/AndroidManifest.xml:96:13-36
191            android:screenOrientation="portrait" >
191-->src/main/AndroidManifest.xml:97:13-49
192        </activity>
193        <activity
193-->src/main/AndroidManifest.xml:100:9-103:51
194            android:name="com.app.swagliv.view.activities.ManageConnectionActivity"
194-->src/main/AndroidManifest.xml:101:13-69
195            android:exported="false"
195-->src/main/AndroidManifest.xml:102:13-37
196            android:screenOrientation="portrait" />
196-->src/main/AndroidManifest.xml:103:13-49
197        <activity
197-->src/main/AndroidManifest.xml:104:9-107:52
198            android:name="com.app.swagliv.view.activities.SearchScreenActivity"
198-->src/main/AndroidManifest.xml:105:13-65
199            android:exported="false"
199-->src/main/AndroidManifest.xml:106:13-37
200            android:screenOrientation="portrait" />
200-->src/main/AndroidManifest.xml:107:13-49
201        <activity
201-->src/main/AndroidManifest.xml:108:9-111:52
202            android:name="com.app.swagliv.view.activities.WalletActivity"
202-->src/main/AndroidManifest.xml:109:13-59
203            android:exported="false"
203-->src/main/AndroidManifest.xml:110:13-37
204            android:screenOrientation="portrait" />
204-->src/main/AndroidManifest.xml:111:13-49
205        <activity
205-->src/main/AndroidManifest.xml:112:9-115:52
206            android:name="com.app.swagliv.view.activities.FeedbackActivity"
206-->src/main/AndroidManifest.xml:113:13-61
207            android:exported="false"
207-->src/main/AndroidManifest.xml:114:13-37
208            android:screenOrientation="portrait" />
208-->src/main/AndroidManifest.xml:115:13-49
209        <activity
209-->src/main/AndroidManifest.xml:116:9-119:52
210            android:name="com.app.swagliv.view.activities.ComplaintActivity"
210-->src/main/AndroidManifest.xml:117:13-62
211            android:exported="false"
211-->src/main/AndroidManifest.xml:118:13-37
212            android:screenOrientation="portrait" />
212-->src/main/AndroidManifest.xml:119:13-49
213        <activity
213-->src/main/AndroidManifest.xml:120:9-123:52
214            android:name="com.app.swagliv.view.activities.TopSheetAvtivity"
214-->src/main/AndroidManifest.xml:121:13-61
215            android:exported="false"
215-->src/main/AndroidManifest.xml:122:13-37
216            android:screenOrientation="portrait" />
216-->src/main/AndroidManifest.xml:123:13-49
217        <activity
217-->src/main/AndroidManifest.xml:124:9-127:52
218            android:name="com.app.swagliv.view.activities.PassionSelectionActivity"
218-->src/main/AndroidManifest.xml:125:13-69
219            android:exported="false"
219-->src/main/AndroidManifest.xml:126:13-37
220            android:screenOrientation="portrait" />
220-->src/main/AndroidManifest.xml:127:13-49
221        <activity
221-->src/main/AndroidManifest.xml:128:9-131:52
222            android:name="com.app.swagliv.view.activities.EditProfileActivity"
222-->src/main/AndroidManifest.xml:129:13-64
223            android:exported="false"
223-->src/main/AndroidManifest.xml:130:13-37
224            android:screenOrientation="portrait" />
224-->src/main/AndroidManifest.xml:131:13-49
225        <activity
225-->src/main/AndroidManifest.xml:132:9-135:52
226            android:name="com.app.swagliv.view.activities.UserProfileActivity"
226-->src/main/AndroidManifest.xml:133:13-64
227            android:exported="false"
227-->src/main/AndroidManifest.xml:134:13-37
228            android:screenOrientation="portrait" />
228-->src/main/AndroidManifest.xml:135:13-49
229        <activity
229-->src/main/AndroidManifest.xml:136:9-139:52
230            android:name="com.app.swagliv.view.activities.EmailSignInActivity"
230-->src/main/AndroidManifest.xml:137:13-64
231            android:exported="false"
231-->src/main/AndroidManifest.xml:138:13-37
232            android:screenOrientation="portrait" />
232-->src/main/AndroidManifest.xml:139:13-49
233        <activity
233-->src/main/AndroidManifest.xml:140:9-143:52
234            android:name="com.app.swagliv.view.activities.IntroActivity"
234-->src/main/AndroidManifest.xml:141:13-58
235            android:exported="false"
235-->src/main/AndroidManifest.xml:142:13-37
236            android:screenOrientation="portrait" />
236-->src/main/AndroidManifest.xml:143:13-49
237        <activity
237-->src/main/AndroidManifest.xml:144:9-147:52
238            android:name="com.app.swagliv.view.activities.OtpVerifyActivity"
238-->src/main/AndroidManifest.xml:145:13-62
239            android:exported="false"
239-->src/main/AndroidManifest.xml:146:13-37
240            android:screenOrientation="portrait" />
240-->src/main/AndroidManifest.xml:147:13-49
241        <activity
241-->src/main/AndroidManifest.xml:148:9-151:52
242            android:name="com.app.swagliv.view.activities.SubscriptionActivity"
242-->src/main/AndroidManifest.xml:149:13-65
243            android:exported="false"
243-->src/main/AndroidManifest.xml:150:13-37
244            android:screenOrientation="portrait" />
244-->src/main/AndroidManifest.xml:151:13-49
245        <activity
245-->src/main/AndroidManifest.xml:152:9-155:52
246            android:name="com.app.swagliv.view.activities.SignUpActivity"
246-->src/main/AndroidManifest.xml:153:13-59
247            android:exported="false"
247-->src/main/AndroidManifest.xml:154:13-37
248            android:screenOrientation="portrait" />
248-->src/main/AndroidManifest.xml:155:13-49
249        <activity
249-->src/main/AndroidManifest.xml:156:9-159:52
250            android:name="com.app.swagliv.view.activities.LocationGPSAllowPermissionActivity"
250-->src/main/AndroidManifest.xml:157:13-79
251            android:exported="false"
251-->src/main/AndroidManifest.xml:158:13-37
252            android:screenOrientation="portrait" />
252-->src/main/AndroidManifest.xml:159:13-49
253        <activity
253-->src/main/AndroidManifest.xml:160:9-170:20
254            android:name="com.app.swagliv.view.activities.SplashActivity"
254-->src/main/AndroidManifest.xml:161:13-59
255            android:screenOrientation="portrait" >
255-->src/main/AndroidManifest.xml:163:13-49
256            <intent-filter>
256-->src/main/AndroidManifest.xml:165:13-169:29
257                <action android:name="android.intent.action.MAIN" />
257-->src/main/AndroidManifest.xml:166:17-69
257-->src/main/AndroidManifest.xml:166:25-66
258
259                <category android:name="android.intent.category.LAUNCHER" />
259-->src/main/AndroidManifest.xml:168:17-77
259-->src/main/AndroidManifest.xml:168:27-74
260            </intent-filter>
261        </activity>
262        <activity
262-->src/main/AndroidManifest.xml:171:9-175:46
263            android:name="com.app.swagliv.view.activities.DashboardActivity"
263-->src/main/AndroidManifest.xml:172:13-62
264            android:exported="false"
264-->src/main/AndroidManifest.xml:173:13-37
265            android:launchMode="singleTask"
265-->src/main/AndroidManifest.xml:175:13-44
266            android:screenOrientation="portrait" />
266-->src/main/AndroidManifest.xml:174:13-49
267
268        <meta-data
268-->src/main/AndroidManifest.xml:176:9-178:55
269            android:name="com.facebook.sdk.ApplicationId"
269-->src/main/AndroidManifest.xml:177:13-58
270            android:value="@string/facebook_app_id" />
270-->src/main/AndroidManifest.xml:178:13-52
271
272        <activity
272-->src/main/AndroidManifest.xml:180:9-183:48
273            android:name="com.facebook.FacebookActivity"
273-->src/main/AndroidManifest.xml:181:13-57
274            android:configChanges="keyboard|keyboardHidden|screenLayout|screenSize|orientation"
274-->src/main/AndroidManifest.xml:182:13-96
275            android:label="@string/app_name"
275-->src/main/AndroidManifest.xml:183:13-45
276            android:theme="@style/com_facebook_activity_theme" />
276-->[com.facebook.android:facebook-common:12.0.0] AndroidManifest.xml:33:13-63
277
278        <meta-data
278-->src/main/AndroidManifest.xml:185:9-187:36
279            android:name="com.facebook.sdk.AutoInitEnabled"
279-->src/main/AndroidManifest.xml:186:13-60
280            android:value="true" />
280-->src/main/AndroidManifest.xml:187:13-33
281
282        <activity
282-->src/main/AndroidManifest.xml:189:9-200:20
283            android:name="com.facebook.CustomTabActivity"
283-->src/main/AndroidManifest.xml:190:13-58
284            android:exported="true" >
284-->src/main/AndroidManifest.xml:191:13-36
285            <intent-filter>
285-->src/main/AndroidManifest.xml:192:13-199:29
286                <action android:name="android.intent.action.VIEW" />
286-->src/main/AndroidManifest.xml:193:17-69
286-->src/main/AndroidManifest.xml:193:25-66
287
288                <category android:name="android.intent.category.DEFAULT" />
288-->src/main/AndroidManifest.xml:195:17-76
288-->src/main/AndroidManifest.xml:195:27-73
289                <category android:name="android.intent.category.BROWSABLE" />
289-->src/main/AndroidManifest.xml:196:17-78
289-->src/main/AndroidManifest.xml:196:27-75
290
291                <data android:scheme="@string/fb_login_protocol_scheme" />
291-->src/main/AndroidManifest.xml:198:17-75
291-->src/main/AndroidManifest.xml:198:23-72
292            </intent-filter>
293            <intent-filter>
293-->[com.facebook.android:facebook-common:12.0.0] AndroidManifest.xml:39:13-48:29
294                <action android:name="android.intent.action.VIEW" />
294-->src/main/AndroidManifest.xml:193:17-69
294-->src/main/AndroidManifest.xml:193:25-66
295
296                <category android:name="android.intent.category.DEFAULT" />
296-->src/main/AndroidManifest.xml:195:17-76
296-->src/main/AndroidManifest.xml:195:27-73
297                <category android:name="android.intent.category.BROWSABLE" />
297-->src/main/AndroidManifest.xml:196:17-78
297-->src/main/AndroidManifest.xml:196:27-75
298
299                <data
299-->src/main/AndroidManifest.xml:198:17-75
300                    android:host="cct.com.app.swagliv"
301                    android:scheme="fbconnect" />
301-->src/main/AndroidManifest.xml:198:23-72
302            </intent-filter>
303        </activity>
304        <activity
304-->src/main/AndroidManifest.xml:201:9-204:52
305            android:name="com.app.swagliv.view.activities.PhoneActivity"
305-->src/main/AndroidManifest.xml:202:13-58
306            android:exported="false"
306-->src/main/AndroidManifest.xml:203:13-37
307            android:screenOrientation="portrait" />
307-->src/main/AndroidManifest.xml:204:13-49
308        <activity